<?xml version="1.0" encoding="UTF-8"?>
<!-- Generated by org.testng.reporters.JUnitReportReporter -->
<testsuite hostname="john" failures="0" tests="2" name="Bootcamp.IL_yohanes.Test_homedepotReg" time="117.785" errors="0" timestamp="2022-01-24T11:46:15 CST" skipped="0">
  <testcase classname="Bootcamp.IL_yohanes.Test_homedepotReg" name="TestReg" time="59.211"/>
  <system-out/>
  <testcase classname="Bootcamp.IL_yohanes.Test_homedepotReg" name="TestReg" time="58.574"/>
  <system-out/>
</testsuite> <!-- Bootcamp.IL_yohanes.Test_homedepotReg -->
