<?xml version="1.0" encoding="UTF-8"?>
<!-- Generated by org.testng.reporters.JUnitReportReporter -->
<testsuite hostname="john" failures="0" tests="1" name="Bootcamp_Amazon.Test_Amazonchekout" time="84.785" errors="0" timestamp="2022-01-22T15:35:23 CST" skipped="0">
  <testcase classname="Bootcamp_Amazon.Test_Amazonchekout" name="f" time="84.785"/>
  <system-out/>
</testsuite> <!-- Bootcamp_Amazon.Test_Amazonchekout -->
