<?xml version="1.0" encoding="UTF-8"?>
<!-- Generated by org.testng.reporters.JUnitReportReporter -->
<testsuite hostname="john" failures="0" tests="1" name="ApI_Bootcamp.TC01_API_bootcamp" time="15.242" errors="0" timestamp="2022-01-22T15:39:36 CST" skipped="0">
  <testcase classname="ApI_Bootcamp.TC01_API_bootcamp" name="ApiGetmethod" time="15.242"/>
  <system-out/>
</testsuite> <!-- ApI_Bootcamp.TC01_API_bootcamp -->
