<?xml version="1.0" encoding="UTF-8"?>
<!-- Generated by org.testng.reporters.JUnitReportReporter -->
<testsuite hostname="john" failures="0" tests="1" name="ApI_Bootcamp.TC02_API_POST_Method" time="4.482" errors="0" timestamp="2022-01-22T15:56:01 CST" skipped="0">
  <testcase classname="ApI_Bootcamp.TC02_API_POST_Method" name="Postmethod" time="4.482"/>
  <system-out/>
</testsuite> <!-- ApI_Bootcamp.TC02_API_POST_Method -->
