<?xml version="1.0" encoding="UTF-8"?>
<!-- Generated by org.testng.reporters.JUnitReportReporter -->
<testsuite hostname="john" failures="0" tests="2" name="PageObjectModel.Test_AmazonSignin" time="49.002" errors="0" timestamp="2022-01-08T21:00:26 CST" skipped="0">
  <testcase classname="PageObjectModel.Test_AmazonSignin" name="Testing_signin" time="26.209"/>
  <system-out/>
  <testcase classname="PageObjectModel.Test_AmazonSignin" name="f" time="22.793"/>
  <system-out/>
</testsuite> <!-- PageObjectModel.Test_AmazonSignin -->
