<?xml version="1.0" encoding="UTF-8"?>
<!-- Generated by org.testng.reporters.JUnitReportReporter -->
<testsuite hostname="john" failures="0" tests="2" name="PageObjectModel.Test_AmazonSignin2" time="54.105" errors="0" timestamp="2022-01-09T20:34:04 CST" skipped="0">
  <testcase classname="PageObjectModel.Test_AmazonSignin2" name="Testing_signin" time="27.847"/>
  <system-out/>
  <testcase classname="PageObjectModel.Test_AmazonSignin2" name="f" time="26.258"/>
  <system-out/>
</testsuite> <!-- PageObjectModel.Test_AmazonSignin2 -->
