<?xml version="1.0" encoding="UTF-8"?>
<!-- Generated by org.testng.reporters.JUnitReportReporter -->
<testsuite hostname="john" failures="0" tests="4" name="PageObjectModel.Test_FaceBook" time="72.707" errors="0" timestamp="2022-01-09T20:34:04 CST" skipped="0">
  <testcase classname="PageObjectModel.Test_FaceBook" name="f" time="19.713"/>
  <system-out/>
  <testcase classname="PageObjectModel.Test_FaceBook" name="f" time="19.045"/>
  <system-out/>
  <testcase classname="PageObjectModel.Test_FaceBook" name="f" time="18.949"/>
  <system-out/>
  <testcase classname="PageObjectModel.Test_FaceBook" name="f" time="15.000"/>
  <system-out/>
</testsuite> <!-- PageObjectModel.Test_FaceBook -->
